[debug] ----------------------------------------------------------------------
[debug] Command:      C:\Program Files\nodejs\node.exe C:\Users\TAMUR\AppData\Roaming\npm\node_modules\firebase-tools\bin\firebase deploy
[debug] CLI Version:  3.0.6
[debug] Platform:     win32
[debug] Node Version: v5.7.1
[debug] Time:         Mon Aug 08 2016 20:27:49 GMT+0500 (Pakistan Standard Time)
[debug] ----------------------------------------------------------------------
[debug] 
[debug] > command requires scopes: ["email","openid","https://www.googleapis.com/auth/cloudplatformprojects.readonly","https://www.googleapis.com/auth/firebase"]
[debug] >>> HTTP REQUEST GET https://admin.firebase.com/v1/projects/redittapp 
[debug] Error: socket hang up
    at TLSSocket.onHangUp (_tls_wrap.js:1093:19)
    at TLSSocket.g (events.js:273:16)
    at emitNone (events.js:85:20)
    at TLSSocket.emit (events.js:179:7)
    at endReadableNT (_stream_readable.js:913:12)
    at _combinedTickCallback (node.js:377:13)
    at process._tickCallback (node.js:401:11)
[error] 
[error] Error: Server Error. socket hang up
[debug] ----------------------------------------------------------------------
[debug] Command:      C:\Program Files\nodejs\node.exe C:\Users\TAMUR\AppData\Roaming\npm\node_modules\firebase-tools\bin\firebase deploy
[debug] CLI Version:  3.0.6
[debug] Platform:     win32
[debug] Node Version: v5.7.1
[debug] Time:         Mon Aug 08 2016 20:29:31 GMT+0500 (Pakistan Standard Time)
[debug] ----------------------------------------------------------------------
[debug] 
[debug] > command requires scopes: ["email","openid","https://www.googleapis.com/auth/cloudplatformprojects.readonly","https://www.googleapis.com/auth/firebase"]
[debug] >>> HTTP REQUEST GET https://admin.firebase.com/v1/projects/redittapp 
[debug] <<< HTTP RESPONSE 200
[debug] >>> HTTP REQUEST GET https://admin.firebase.com/v1/database/redittapp/tokens 
[debug] <<< HTTP RESPONSE 200
[info] 
[info] === Deploying to 'redittapp'...
[info] 
[info] i  deploying database, hosting
[info] +  database: rules ready to deploy.
[info] i  hosting: preparing public directory for upload...
